<?xml version="1.0" encoding="UTF-8"?>
<!-- Generated by org.testng.reporters.JUnitXMLReporter -->
<testsuite ignored="2" hostname="LAPTOP-T3P0ELTT" failures="0" tests="2" name="Test1-Groups" time="0.469" errors="0" timestamp="2021-07-12T11:57:54 IST">
  <testcase classname="SampleGroups" name="fourth" time="0.053"/>
  <testcase classname="SampleGroups" name="second" time="0.014"/>
  <testcase classname="SampleGroups" name="third" time="0.0">
    <ignored/>
  </testcase> <!-- third -->
  <testcase classname="SampleGroups" name="first" time="0.0">
    <ignored/>
  </testcase> <!-- first -->
</testsuite> <!-- Test1-Groups -->
